[I 2023-06-27 12:44:43,200] Trial 19 finished with value: 0.002524806302972138 and parameters: {'lr': 0.0021526955238489803, 'd': 98, 's': 10, 'm': 3}. Best is trial 13 with value: 0.002260895872799059.
Epoch [10/10], Training Loss: 0.0024, Validation Loss: 0.0025, PSNR: 25.977719342887177
Epoch [1/10], Training Loss: 0.0241, Validation Loss: 0.0082, PSNR: 20.887062440519554
Epoch [2/10], Training Loss: 0.0110, Validation Loss: 0.0085, PSNR: 20.71907149942423
Epoch [3/10], Training Loss: 0.0070, Validation Loss: 0.0058, PSNR: 22.37855594801045
Epoch [4/10], Training Loss: 0.0071, Validation Loss: 0.0064, PSNR: 21.967615048962614
Epoch [5/10], Training Loss: 0.0043, Validation Loss: 0.0034, PSNR: 24.639183302074365
Epoch [6/10], Training Loss: 0.0032, Validation Loss: 0.0033, PSNR: 24.848358304443103
Epoch [7/10], Training Loss: 0.0032, Validation Loss: 0.0031, PSNR: 25.027412882869676
Epoch [8/10], Training Loss: 0.0030, Validation Loss: 0.0031, PSNR: 25.111650834227966
Epoch [9/10], Training Loss: 0.0032, Validation Loss: 0.0030, PSNR: 25.17442391740033
[I 2023-06-27 12:50:44,808] Trial 20 finished with value: 0.002934116350176434 and parameters: {'lr': 0.004889666954721834, 'd': 116, 's': 13, 'm': 5}. Best is trial 13 with value: 0.002260895872799059.
Epoch [10/10], Training Loss: 0.0029, Validation Loss: 0.0029, PSNR: 25.32522668530326
Epoch [1/10], Training Loss: 0.0279, Validation Loss: 0.0098, PSNR: 20.096848338045422
Epoch [2/10], Training Loss: 0.0085, Validation Loss: 0.0080, PSNR: 20.970847645610625
Epoch [3/10], Training Loss: 0.0050, Validation Loss: 0.0068, PSNR: 21.696693903177223
Epoch [4/10], Training Loss: 0.0038, Validation Loss: 0.0037, PSNR: 24.281951044330675
Epoch [5/10], Training Loss: 0.0033, Validation Loss: 0.0034, PSNR: 24.732298240816533
Epoch [6/10], Training Loss: 0.0033, Validation Loss: 0.0032, PSNR: 24.922245403458817
Epoch [7/10], Training Loss: 0.0031, Validation Loss: 0.0034, PSNR: 24.68141375179894
Epoch [8/10], Training Loss: 0.0038, Validation Loss: 0.0033, PSNR: 24.832412102736228
Epoch [9/10], Training Loss: 0.0030, Validation Loss: 0.0030, PSNR: 25.190386551830606
[I 2023-06-27 12:56:48,758] Trial 21 finished with value: 0.002624190521116058 and parameters: {'lr': 0.0034841508728279927, 'd': 100, 's': 15, 'm': 2}. Best is trial 13 with value: 0.002260895872799059.
Epoch [10/10], Training Loss: 0.0028, Validation Loss: 0.0026, PSNR: 25.81004637564024
Epoch [1/10], Training Loss: 0.0269, Validation Loss: 0.0097, PSNR: 20.137057725892085
Epoch [2/10], Training Loss: 0.0061, Validation Loss: 0.0044, PSNR: 23.608630736935755
Epoch [3/10], Training Loss: 0.0039, Validation Loss: 0.0036, PSNR: 24.428455730017685
Epoch [4/10], Training Loss: 0.0035, Validation Loss: 0.0047, PSNR: 23.313216887061724
Epoch [5/10], Training Loss: 0.0033, Validation Loss: 0.0036, PSNR: 24.41174496106015
Epoch [6/10], Training Loss: 0.0032, Validation Loss: 0.0029, PSNR: 25.331484624095108
Epoch [7/10], Training Loss: 0.0027, Validation Loss: 0.0027, PSNR: 25.686803637917816
Epoch [8/10], Training Loss: 0.0024, Validation Loss: 0.0026, PSNR: 25.914688432109084
Epoch [9/10], Training Loss: 0.0026, Validation Loss: 0.0023, PSNR: 26.326835590839835
[I 2023-06-27 13:02:52,492] Trial 22 finished with value: 0.002245934532644848 and parameters: {'lr': 0.0027743315476459556, 'd': 116, 's': 15, 'm': 3}. Best is trial 22 with value: 0.002245934532644848.
Epoch [10/10], Training Loss: 0.0023, Validation Loss: 0.0022, PSNR: 26.486029072577626
Epoch [1/10], Training Loss: 0.0266, Validation Loss: 0.0088, PSNR: 20.55539125307536
Epoch [2/10], Training Loss: 0.0080, Validation Loss: 0.0072, PSNR: 21.427859670990518
Epoch [3/10], Training Loss: 0.0059, Validation Loss: 0.0038, PSNR: 24.21476155782422
Epoch [4/10], Training Loss: 0.0034, Validation Loss: 0.0034, PSNR: 24.685169135762326
Epoch [5/10], Training Loss: 0.0032, Validation Loss: 0.0033, PSNR: 24.754896625297697
Epoch [6/10], Training Loss: 0.0034, Validation Loss: 0.0034, PSNR: 24.720685135819963
Epoch [7/10], Training Loss: 0.0030, Validation Loss: 0.0031, PSNR: 25.14765114137258
Epoch [8/10], Training Loss: 0.0030, Validation Loss: 0.0030, PSNR: 25.239084791478174
Epoch [9/10], Training Loss: 0.0029, Validation Loss: 0.0029, PSNR: 25.352161122311916
[I 2023-06-27 13:08:54,928] Trial 23 finished with value: 0.0024529861519113185 and parameters: {'lr': 0.0021180306169478946, 'd': 122, 's': 11, 'm': 4}. Best is trial 22 with value: 0.002245934532644848.
Epoch [10/10], Training Loss: 0.0029, Validation Loss: 0.0025, PSNR: 26.103049035528784
Epoch [1/10], Training Loss: 0.0293, Validation Loss: 0.0096, PSNR: 20.189543852184592
Epoch [2/10], Training Loss: 0.0082, Validation Loss: 0.0071, PSNR: 21.462880129197124
Epoch [3/10], Training Loss: 0.0059, Validation Loss: 0.0040, PSNR: 24.031929922063547
Epoch [4/10], Training Loss: 0.0037, Validation Loss: 0.0037, PSNR: 24.28171568706962
Epoch [5/10], Training Loss: 0.0035, Validation Loss: 0.0034, PSNR: 24.723441221473617
Epoch [6/10], Training Loss: 0.0036, Validation Loss: 0.0033, PSNR: 24.839790321729595
Epoch [7/10], Training Loss: 0.0031, Validation Loss: 0.0031, PSNR: 25.073253258608105
Epoch [8/10], Training Loss: 0.0029, Validation Loss: 0.0026, PSNR: 25.902532376533344
Epoch [9/10], Training Loss: 0.0025, Validation Loss: 0.0024, PSNR: 26.1957503791188
[I 2023-06-27 13:14:57,629] Trial 24 finished with value: 0.0023120366657773655 and parameters: {'lr': 0.0026686351394649933, 'd': 118, 's': 18, 'm': 3}. Best is trial 22 with value: 0.002245934532644848.
Epoch [10/10], Training Loss: 0.0024, Validation Loss: 0.0023, PSNR: 26.360052828732563
Best trial:
  Value: 0.002245934532644848
  Params: 
    lr: 0.0027743315476459556
    d: 116
    s: 15
    m: 3